2025-03-05T10:39:33.878+02:00  INFO 7032 --- [event-management-backend] [main] c.i.e.EventManagementBackendApplication  : Starting EventManagementBackendApplication using Java 21.0.1 with PID 7032 (/home/helmi/Projects/ITI/event-management-backend/target/classes started by helmi in /home/helmi/Projects/ITI/event-management-backend)
2025-03-05T10:39:33.883+02:00  INFO 7032 --- [event-management-backend] [main] c.i.e.EventManagementBackendApplication  : No active profile set, falling back to 1 default profile: "default"
2025-03-05T10:39:34.382+02:00  INFO 7032 --- [event-management-backend] [main] .s.d.r.c.RepositoryConfigurationDelegate : Bootstrapping Spring Data JPA repositories in DEFAULT mode.
2025-03-05T10:39:34.432+02:00  INFO 7032 --- [event-management-backend] [main] .s.d.r.c.RepositoryConfigurationDelegate : Finished Spring Data repository scanning in 44 ms. Found 8 JPA repository interfaces.
2025-03-05T10:39:34.818+02:00  INFO 7032 --- [event-management-backend] [main] o.s.b.w.embedded.tomcat.TomcatWebServer  : Tomcat initialized with port 8080 (http)
2025-03-05T10:39:34.826+02:00  INFO 7032 --- [event-management-backend] [main] o.apache.catalina.core.StandardService   : Starting service [Tomcat]
2025-03-05T10:39:34.826+02:00  INFO 7032 --- [event-management-backend] [main] o.apache.catalina.core.StandardEngine    : Starting Servlet engine: [Apache Tomcat/10.1.34]
2025-03-05T10:39:34.860+02:00  INFO 7032 --- [event-management-backend] [main] o.a.c.c.C.[Tomcat].[localhost].[/]       : Initializing Spring embedded WebApplicationContext
2025-03-05T10:39:34.861+02:00  INFO 7032 --- [event-management-backend] [main] w.s.c.ServletWebServerApplicationContext : Root WebApplicationContext: initialization completed in 947 ms
2025-03-05T10:39:34.905+02:00  WARN 7032 --- [event-management-backend] [main] JpaBaseConfiguration$JpaWebConfiguration : spring.jpa.open-in-view is enabled by default. Therefore, database queries may be performed during view rendering. Explicitly configure spring.jpa.open-in-view to disable this warning
2025-03-05T10:39:34.990+02:00  INFO 7032 --- [event-management-backend] [main] o.hibernate.jpa.internal.util.LogHelper  : HHH000204: Processing PersistenceUnitInfo [name: default]
2025-03-05T10:39:35.053+02:00  INFO 7032 --- [event-management-backend] [main] org.hibernate.Version                    : HHH000412: Hibernate ORM core version 6.6.4.Final
2025-03-05T10:39:35.086+02:00  INFO 7032 --- [event-management-backend] [main] o.h.c.internal.RegionFactoryInitiator    : HHH000026: Second-level cache disabled
2025-03-05T10:39:35.292+02:00  INFO 7032 --- [event-management-backend] [main] o.s.o.j.p.SpringPersistenceUnitInfo      : No LoadTimeWeaver setup: ignoring JPA class transformer
2025-03-05T10:39:35.310+02:00  INFO 7032 --- [event-management-backend] [main] com.zaxxer.hikari.HikariDataSource       : HikariPool-1 - Starting...
2025-03-05T10:39:35.551+02:00  INFO 7032 --- [event-management-backend] [main] com.zaxxer.hikari.pool.HikariPool        : HikariPool-1 - Added connection com.mysql.cj.jdbc.ConnectionImpl@50672905
2025-03-05T10:39:35.552+02:00  INFO 7032 --- [event-management-backend] [main] com.zaxxer.hikari.HikariDataSource       : HikariPool-1 - Start completed.
2025-03-05T10:39:35.614+02:00  INFO 7032 --- [event-management-backend] [main] org.hibernate.orm.connections.pooling    : HHH10001005: Database info:
	Database JDBC URL [Connecting through datasource 'HikariDataSource (HikariPool-1)']
	Database driver: undefined/unknown
	Database version: 8.0.41
	Autocommit mode: undefined/unknown
	Isolation level: undefined/unknown
	Minimum pool size: undefined/unknown
	Maximum pool size: undefined/unknown
2025-03-05T10:39:36.251+02:00  INFO 7032 --- [event-management-backend] [main] o.h.e.t.j.p.i.JtaPlatformInitiator       : HHH000489: No JTA platform available (set 'hibernate.transaction.jta.platform' to enable JTA platform integration)
2025-03-05T10:39:36.329+02:00  INFO 7032 --- [event-management-backend] [main] j.LocalContainerEntityManagerFactoryBean : Initialized JPA EntityManagerFactory for persistence unit 'default'
2025-03-05T10:39:36.637+02:00  INFO 7032 --- [event-management-backend] [main] eAuthenticationProviderManagerConfigurer : Global AuthenticationManager configured with AuthenticationProvider bean with name authProvider
2025-03-05T10:39:36.637+02:00  WARN 7032 --- [event-management-backend] [main] r$InitializeUserDetailsManagerConfigurer : Global AuthenticationManager configured with an AuthenticationProvider bean. UserDetailsService beans will not be used by Spring Security for automatically configuring username/password login. Consider removing the AuthenticationProvider bean. Alternatively, consider using the UserDetailsService in a manually instantiated DaoAuthenticationProvider. If the current configuration is intentional, to turn off this warning, increase the logging level of 'org.springframework.security.config.annotation.authentication.configuration.InitializeUserDetailsBeanManagerConfigurer' to ERROR
2025-03-05T10:39:36.938+02:00  WARN 7032 --- [event-management-backend] [main] thorizationManagerRequestMatcherRegistry : One of the patterns in [api/v1/auth/**] is missing a leading slash. This is discouraged; please include the leading slash in all your request matcher patterns. In future versions of Spring Security, leaving out the leading slash will result in an exception.
2025-03-05T10:39:36.941+02:00  WARN 7032 --- [event-management-backend] [main] thorizationManagerRequestMatcherRegistry : One of the patterns in [api/v1/events/**] is missing a leading slash. This is discouraged; please include the leading slash in all your request matcher patterns. In future versions of Spring Security, leaving out the leading slash will result in an exception.
2025-03-05T10:39:37.121+02:00  INFO 7032 --- [event-management-backend] [main] o.s.b.w.embedded.tomcat.TomcatWebServer  : Tomcat started on port 8080 (http) with context path '/'
2025-03-05T10:39:37.127+02:00  INFO 7032 --- [event-management-backend] [main] c.i.e.EventManagementBackendApplication  : Started EventManagementBackendApplication in 3.579 seconds (process running for 4.021)
2025-03-05T10:41:57.447+02:00  INFO 7032 --- [event-management-backend] [http-nio-8080-exec-1] o.a.c.c.C.[Tomcat].[localhost].[/]       : Initializing Spring DispatcherServlet 'dispatcherServlet'
2025-03-05T10:41:57.448+02:00  INFO 7032 --- [event-management-backend] [http-nio-8080-exec-1] o.s.web.servlet.DispatcherServlet        : Initializing Servlet 'dispatcherServlet'
2025-03-05T10:41:57.449+02:00  INFO 7032 --- [event-management-backend] [http-nio-8080-exec-1] o.s.web.servlet.DispatcherServlet        : Completed initialization in 1 ms
2025-03-05T10:48:27.368+02:00  INFO 7032 --- [event-management-backend] [SpringApplicationShutdownHook] o.s.b.w.e.tomcat.GracefulShutdown        : Commencing graceful shutdown. Waiting for active requests to complete
2025-03-05T10:48:27.370+02:00  INFO 7032 --- [event-management-backend] [tomcat-shutdown] o.s.b.w.e.tomcat.GracefulShutdown        : Graceful shutdown complete
2025-03-05T10:48:27.374+02:00  INFO 7032 --- [event-management-backend] [SpringApplicationShutdownHook] j.LocalContainerEntityManagerFactoryBean : Closing JPA EntityManagerFactory for persistence unit 'default'
2025-03-05T10:48:27.375+02:00  INFO 7032 --- [event-management-backend] [SpringApplicationShutdownHook] com.zaxxer.hikari.HikariDataSource       : HikariPool-1 - Shutdown initiated...
2025-03-05T10:48:27.379+02:00  INFO 7032 --- [event-management-backend] [SpringApplicationShutdownHook] com.zaxxer.hikari.HikariDataSource       : HikariPool-1 - Shutdown completed.
2025-03-05T10:50:26.116+02:00  INFO 7934 --- [event-management-backend] [main] c.i.e.EventManagementBackendApplication  : Starting EventManagementBackendApplication using Java 21.0.1 with PID 7934 (/home/helmi/Projects/ITI/event-management-backend/target/classes started by helmi in /home/helmi/Projects/ITI/event-management-backend)
2025-03-05T10:50:26.118+02:00  INFO 7934 --- [event-management-backend] [main] c.i.e.EventManagementBackendApplication  : No active profile set, falling back to 1 default profile: "default"
2025-03-05T10:50:26.528+02:00  INFO 7934 --- [event-management-backend] [main] .s.d.r.c.RepositoryConfigurationDelegate : Bootstrapping Spring Data JPA repositories in DEFAULT mode.
2025-03-05T10:50:26.570+02:00  INFO 7934 --- [event-management-backend] [main] .s.d.r.c.RepositoryConfigurationDelegate : Finished Spring Data repository scanning in 36 ms. Found 8 JPA repository interfaces.
2025-03-05T10:50:26.902+02:00  INFO 7934 --- [event-management-backend] [main] o.s.b.w.embedded.tomcat.TomcatWebServer  : Tomcat initialized with port 8080 (http)
2025-03-05T10:50:26.910+02:00  INFO 7934 --- [event-management-backend] [main] o.apache.catalina.core.StandardService   : Starting service [Tomcat]
2025-03-05T10:50:26.910+02:00  INFO 7934 --- [event-management-backend] [main] o.apache.catalina.core.StandardEngine    : Starting Servlet engine: [Apache Tomcat/10.1.34]
2025-03-05T10:50:26.939+02:00  INFO 7934 --- [event-management-backend] [main] o.a.c.c.C.[Tomcat].[localhost].[/]       : Initializing Spring embedded WebApplicationContext
2025-03-05T10:50:26.939+02:00  INFO 7934 --- [event-management-backend] [main] w.s.c.ServletWebServerApplicationContext : Root WebApplicationContext: initialization completed in 796 ms
2025-03-05T10:50:26.984+02:00  WARN 7934 --- [event-management-backend] [main] JpaBaseConfiguration$JpaWebConfiguration : spring.jpa.open-in-view is enabled by default. Therefore, database queries may be performed during view rendering. Explicitly configure spring.jpa.open-in-view to disable this warning
2025-03-05T10:50:27.047+02:00  INFO 7934 --- [event-management-backend] [main] o.hibernate.jpa.internal.util.LogHelper  : HHH000204: Processing PersistenceUnitInfo [name: default]
2025-03-05T10:50:27.073+02:00  INFO 7934 --- [event-management-backend] [main] org.hibernate.Version                    : HHH000412: Hibernate ORM core version 6.6.4.Final
2025-03-05T10:50:27.089+02:00  INFO 7934 --- [event-management-backend] [main] o.h.c.internal.RegionFactoryInitiator    : HHH000026: Second-level cache disabled
2025-03-05T10:50:27.260+02:00  INFO 7934 --- [event-management-backend] [main] o.s.o.j.p.SpringPersistenceUnitInfo      : No LoadTimeWeaver setup: ignoring JPA class transformer
2025-03-05T10:50:27.276+02:00  INFO 7934 --- [event-management-backend] [main] com.zaxxer.hikari.HikariDataSource       : HikariPool-1 - Starting...
2025-03-05T10:50:27.477+02:00  INFO 7934 --- [event-management-backend] [main] com.zaxxer.hikari.pool.HikariPool        : HikariPool-1 - Added connection com.mysql.cj.jdbc.ConnectionImpl@2ceb68a1
2025-03-05T10:50:27.478+02:00  INFO 7934 --- [event-management-backend] [main] com.zaxxer.hikari.HikariDataSource       : HikariPool-1 - Start completed.
2025-03-05T10:50:27.524+02:00  INFO 7934 --- [event-management-backend] [main] org.hibernate.orm.connections.pooling    : HHH10001005: Database info:
	Database JDBC URL [Connecting through datasource 'HikariDataSource (HikariPool-1)']
	Database driver: undefined/unknown
	Database version: 8.0.41
	Autocommit mode: undefined/unknown
	Isolation level: undefined/unknown
	Minimum pool size: undefined/unknown
	Maximum pool size: undefined/unknown
2025-03-05T10:50:28.126+02:00  INFO 7934 --- [event-management-backend] [main] o.h.e.t.j.p.i.JtaPlatformInitiator       : HHH000489: No JTA platform available (set 'hibernate.transaction.jta.platform' to enable JTA platform integration)
2025-03-05T10:50:28.193+02:00  INFO 7934 --- [event-management-backend] [main] j.LocalContainerEntityManagerFactoryBean : Initialized JPA EntityManagerFactory for persistence unit 'default'
2025-03-05T10:50:28.509+02:00  INFO 7934 --- [event-management-backend] [main] eAuthenticationProviderManagerConfigurer : Global AuthenticationManager configured with AuthenticationProvider bean with name authProvider
2025-03-05T10:50:28.510+02:00  WARN 7934 --- [event-management-backend] [main] r$InitializeUserDetailsManagerConfigurer : Global AuthenticationManager configured with an AuthenticationProvider bean. UserDetailsService beans will not be used by Spring Security for automatically configuring username/password login. Consider removing the AuthenticationProvider bean. Alternatively, consider using the UserDetailsService in a manually instantiated DaoAuthenticationProvider. If the current configuration is intentional, to turn off this warning, increase the logging level of 'org.springframework.security.config.annotation.authentication.configuration.InitializeUserDetailsBeanManagerConfigurer' to ERROR
2025-03-05T10:50:28.808+02:00  WARN 7934 --- [event-management-backend] [main] thorizationManagerRequestMatcherRegistry : One of the patterns in [api/v1/auth/**] is missing a leading slash. This is discouraged; please include the leading slash in all your request matcher patterns. In future versions of Spring Security, leaving out the leading slash will result in an exception.
2025-03-05T10:50:28.811+02:00  WARN 7934 --- [event-management-backend] [main] thorizationManagerRequestMatcherRegistry : One of the patterns in [api/v1/events/**] is missing a leading slash. This is discouraged; please include the leading slash in all your request matcher patterns. In future versions of Spring Security, leaving out the leading slash will result in an exception.
2025-03-05T10:50:28.987+02:00  INFO 7934 --- [event-management-backend] [main] o.s.b.w.embedded.tomcat.TomcatWebServer  : Tomcat started on port 8080 (http) with context path '/'
2025-03-05T10:50:28.992+02:00  INFO 7934 --- [event-management-backend] [main] c.i.e.EventManagementBackendApplication  : Started EventManagementBackendApplication in 3.169 seconds (process running for 3.518)
2025-03-05T10:51:26.813+02:00  INFO 7934 --- [event-management-backend] [http-nio-8080-exec-1] o.a.c.c.C.[Tomcat].[localhost].[/]       : Initializing Spring DispatcherServlet 'dispatcherServlet'
2025-03-05T10:51:26.813+02:00  INFO 7934 --- [event-management-backend] [http-nio-8080-exec-1] o.s.web.servlet.DispatcherServlet        : Initializing Servlet 'dispatcherServlet'
2025-03-05T10:51:26.814+02:00  INFO 7934 --- [event-management-backend] [http-nio-8080-exec-1] o.s.web.servlet.DispatcherServlet        : Completed initialization in 1 ms
2025-03-05T12:03:52.709+02:00  INFO 7934 --- [event-management-backend] [SpringApplicationShutdownHook] o.s.b.w.e.tomcat.GracefulShutdown        : Commencing graceful shutdown. Waiting for active requests to complete
2025-03-05T12:03:52.712+02:00  INFO 7934 --- [event-management-backend] [tomcat-shutdown] o.s.b.w.e.tomcat.GracefulShutdown        : Graceful shutdown complete
2025-03-05T12:03:52.718+02:00  INFO 7934 --- [event-management-backend] [SpringApplicationShutdownHook] j.LocalContainerEntityManagerFactoryBean : Closing JPA EntityManagerFactory for persistence unit 'default'
2025-03-05T12:03:52.720+02:00  INFO 7934 --- [event-management-backend] [SpringApplicationShutdownHook] com.zaxxer.hikari.HikariDataSource       : HikariPool-1 - Shutdown initiated...
2025-03-05T12:03:52.723+02:00  INFO 7934 --- [event-management-backend] [SpringApplicationShutdownHook] com.zaxxer.hikari.HikariDataSource       : HikariPool-1 - Shutdown completed.
2025-03-05T12:03:56.137+02:00  INFO 10775 --- [event-management-backend] [main] c.i.e.EventManagementBackendApplication  : Starting EventManagementBackendApplication using Java 21.0.1 with PID 10775 (/home/helmi/Projects/ITI/event-management-backend/target/classes started by helmi in /home/helmi/Projects/ITI/event-management-backend)
2025-03-05T12:03:56.138+02:00  INFO 10775 --- [event-management-backend] [main] c.i.e.EventManagementBackendApplication  : No active profile set, falling back to 1 default profile: "default"
2025-03-05T12:03:56.555+02:00  INFO 10775 --- [event-management-backend] [main] .s.d.r.c.RepositoryConfigurationDelegate : Bootstrapping Spring Data JPA repositories in DEFAULT mode.
2025-03-05T12:03:56.616+02:00  INFO 10775 --- [event-management-backend] [main] .s.d.r.c.RepositoryConfigurationDelegate : Finished Spring Data repository scanning in 53 ms. Found 8 JPA repository interfaces.
2025-03-05T12:03:56.967+02:00  INFO 10775 --- [event-management-backend] [main] o.s.b.w.embedded.tomcat.TomcatWebServer  : Tomcat initialized with port 8080 (http)
2025-03-05T12:03:56.974+02:00  INFO 10775 --- [event-management-backend] [main] o.apache.catalina.core.StandardService   : Starting service [Tomcat]
2025-03-05T12:03:56.975+02:00  INFO 10775 --- [event-management-backend] [main] o.apache.catalina.core.StandardEngine    : Starting Servlet engine: [Apache Tomcat/10.1.34]
2025-03-05T12:03:56.998+02:00  INFO 10775 --- [event-management-backend] [main] o.a.c.c.C.[Tomcat].[localhost].[/]       : Initializing Spring embedded WebApplicationContext
2025-03-05T12:03:56.999+02:00  INFO 10775 --- [event-management-backend] [main] w.s.c.ServletWebServerApplicationContext : Root WebApplicationContext: initialization completed in 836 ms
2025-03-05T12:03:57.038+02:00  WARN 10775 --- [event-management-backend] [main] JpaBaseConfiguration$JpaWebConfiguration : spring.jpa.open-in-view is enabled by default. Therefore, database queries may be performed during view rendering. Explicitly configure spring.jpa.open-in-view to disable this warning
2025-03-05T12:03:57.116+02:00  INFO 10775 --- [event-management-backend] [main] o.hibernate.jpa.internal.util.LogHelper  : HHH000204: Processing PersistenceUnitInfo [name: default]
2025-03-05T12:03:57.157+02:00  INFO 10775 --- [event-management-backend] [main] org.hibernate.Version                    : HHH000412: Hibernate ORM core version 6.6.4.Final
2025-03-05T12:03:57.191+02:00  INFO 10775 --- [event-management-backend] [main] o.h.c.internal.RegionFactoryInitiator    : HHH000026: Second-level cache disabled
2025-03-05T12:03:57.361+02:00  INFO 10775 --- [event-management-backend] [main] o.s.o.j.p.SpringPersistenceUnitInfo      : No LoadTimeWeaver setup: ignoring JPA class transformer
2025-03-05T12:03:57.379+02:00  INFO 10775 --- [event-management-backend] [main] com.zaxxer.hikari.HikariDataSource       : HikariPool-1 - Starting...
2025-03-05T12:03:57.583+02:00  INFO 10775 --- [event-management-backend] [main] com.zaxxer.hikari.pool.HikariPool        : HikariPool-1 - Added connection com.mysql.cj.jdbc.ConnectionImpl@5b0e9e0c
2025-03-05T12:03:57.584+02:00  INFO 10775 --- [event-management-backend] [main] com.zaxxer.hikari.HikariDataSource       : HikariPool-1 - Start completed.
2025-03-05T12:03:57.635+02:00  INFO 10775 --- [event-management-backend] [main] org.hibernate.orm.connections.pooling    : HHH10001005: Database info:
	Database JDBC URL [Connecting through datasource 'HikariDataSource (HikariPool-1)']
	Database driver: undefined/unknown
	Database version: 8.0.41
	Autocommit mode: undefined/unknown
	Isolation level: undefined/unknown
	Minimum pool size: undefined/unknown
	Maximum pool size: undefined/unknown
2025-03-05T12:03:58.243+02:00  INFO 10775 --- [event-management-backend] [main] o.h.e.t.j.p.i.JtaPlatformInitiator       : HHH000489: No JTA platform available (set 'hibernate.transaction.jta.platform' to enable JTA platform integration)
2025-03-05T12:03:58.305+02:00  INFO 10775 --- [event-management-backend] [main] j.LocalContainerEntityManagerFactoryBean : Initialized JPA EntityManagerFactory for persistence unit 'default'
2025-03-05T12:03:58.604+02:00  INFO 10775 --- [event-management-backend] [main] eAuthenticationProviderManagerConfigurer : Global AuthenticationManager configured with AuthenticationProvider bean with name authProvider
2025-03-05T12:03:58.605+02:00  WARN 10775 --- [event-management-backend] [main] r$InitializeUserDetailsManagerConfigurer : Global AuthenticationManager configured with an AuthenticationProvider bean. UserDetailsService beans will not be used by Spring Security for automatically configuring username/password login. Consider removing the AuthenticationProvider bean. Alternatively, consider using the UserDetailsService in a manually instantiated DaoAuthenticationProvider. If the current configuration is intentional, to turn off this warning, increase the logging level of 'org.springframework.security.config.annotation.authentication.configuration.InitializeUserDetailsBeanManagerConfigurer' to ERROR
2025-03-05T12:03:58.902+02:00  WARN 10775 --- [event-management-backend] [main] thorizationManagerRequestMatcherRegistry : One of the patterns in [api/v1/auth/**] is missing a leading slash. This is discouraged; please include the leading slash in all your request matcher patterns. In future versions of Spring Security, leaving out the leading slash will result in an exception.
2025-03-05T12:03:58.905+02:00  WARN 10775 --- [event-management-backend] [main] thorizationManagerRequestMatcherRegistry : One of the patterns in [api/v1/events/**] is missing a leading slash. This is discouraged; please include the leading slash in all your request matcher patterns. In future versions of Spring Security, leaving out the leading slash will result in an exception.
2025-03-05T12:03:59.093+02:00  INFO 10775 --- [event-management-backend] [main] o.s.b.w.embedded.tomcat.TomcatWebServer  : Tomcat started on port 8080 (http) with context path '/'
2025-03-05T12:03:59.100+02:00  INFO 10775 --- [event-management-backend] [main] c.i.e.EventManagementBackendApplication  : Started EventManagementBackendApplication in 3.245 seconds (process running for 3.619)
2025-03-05T12:04:05.322+02:00  INFO 10775 --- [event-management-backend] [http-nio-8080-exec-2] o.a.c.c.C.[Tomcat].[localhost].[/]       : Initializing Spring DispatcherServlet 'dispatcherServlet'
2025-03-05T12:04:05.323+02:00  INFO 10775 --- [event-management-backend] [http-nio-8080-exec-2] o.s.web.servlet.DispatcherServlet        : Initializing Servlet 'dispatcherServlet'
2025-03-05T12:04:05.324+02:00  INFO 10775 --- [event-management-backend] [http-nio-8080-exec-2] o.s.web.servlet.DispatcherServlet        : Completed initialization in 1 ms
2025-03-05T12:12:04.684+02:00  INFO 10775 --- [event-management-backend] [SpringApplicationShutdownHook] o.s.b.w.e.tomcat.GracefulShutdown        : Commencing graceful shutdown. Waiting for active requests to complete
2025-03-05T12:12:04.686+02:00  INFO 10775 --- [event-management-backend] [tomcat-shutdown] o.s.b.w.e.tomcat.GracefulShutdown        : Graceful shutdown complete
2025-03-05T12:12:04.690+02:00  INFO 10775 --- [event-management-backend] [SpringApplicationShutdownHook] j.LocalContainerEntityManagerFactoryBean : Closing JPA EntityManagerFactory for persistence unit 'default'
2025-03-05T12:12:04.691+02:00  INFO 10775 --- [event-management-backend] [SpringApplicationShutdownHook] com.zaxxer.hikari.HikariDataSource       : HikariPool-1 - Shutdown initiated...
2025-03-05T12:12:04.695+02:00  INFO 10775 --- [event-management-backend] [SpringApplicationShutdownHook] com.zaxxer.hikari.HikariDataSource       : HikariPool-1 - Shutdown completed.
2025-03-05T12:12:07.981+02:00  INFO 11502 --- [event-management-backend] [main] c.i.e.EventManagementBackendApplication  : Starting EventManagementBackendApplication using Java 21.0.1 with PID 11502 (/home/helmi/Projects/ITI/event-management-backend/target/classes started by helmi in /home/helmi/Projects/ITI/event-management-backend)
2025-03-05T12:12:07.983+02:00  INFO 11502 --- [event-management-backend] [main] c.i.e.EventManagementBackendApplication  : No active profile set, falling back to 1 default profile: "default"
2025-03-05T12:12:08.403+02:00  INFO 11502 --- [event-management-backend] [main] .s.d.r.c.RepositoryConfigurationDelegate : Bootstrapping Spring Data JPA repositories in DEFAULT mode.
2025-03-05T12:12:08.446+02:00  INFO 11502 --- [event-management-backend] [main] .s.d.r.c.RepositoryConfigurationDelegate : Finished Spring Data repository scanning in 38 ms. Found 8 JPA repository interfaces.
2025-03-05T12:12:08.795+02:00  INFO 11502 --- [event-management-backend] [main] o.s.b.w.embedded.tomcat.TomcatWebServer  : Tomcat initialized with port 8080 (http)
2025-03-05T12:12:08.802+02:00  INFO 11502 --- [event-management-backend] [main] o.apache.catalina.core.StandardService   : Starting service [Tomcat]
2025-03-05T12:12:08.802+02:00  INFO 11502 --- [event-management-backend] [main] o.apache.catalina.core.StandardEngine    : Starting Servlet engine: [Apache Tomcat/10.1.34]
2025-03-05T12:12:08.823+02:00  INFO 11502 --- [event-management-backend] [main] o.a.c.c.C.[Tomcat].[localhost].[/]       : Initializing Spring embedded WebApplicationContext
2025-03-05T12:12:08.823+02:00  INFO 11502 --- [event-management-backend] [main] w.s.c.ServletWebServerApplicationContext : Root WebApplicationContext: initialization completed in 816 ms
2025-03-05T12:12:08.858+02:00  WARN 11502 --- [event-management-backend] [main] JpaBaseConfiguration$JpaWebConfiguration : spring.jpa.open-in-view is enabled by default. Therefore, database queries may be performed during view rendering. Explicitly configure spring.jpa.open-in-view to disable this warning
2025-03-05T12:12:08.916+02:00  INFO 11502 --- [event-management-backend] [main] o.hibernate.jpa.internal.util.LogHelper  : HHH000204: Processing PersistenceUnitInfo [name: default]
2025-03-05T12:12:08.948+02:00  INFO 11502 --- [event-management-backend] [main] org.hibernate.Version                    : HHH000412: Hibernate ORM core version 6.6.4.Final
2025-03-05T12:12:08.972+02:00  INFO 11502 --- [event-management-backend] [main] o.h.c.internal.RegionFactoryInitiator    : HHH000026: Second-level cache disabled
2025-03-05T12:12:09.122+02:00  INFO 11502 --- [event-management-backend] [main] o.s.o.j.p.SpringPersistenceUnitInfo      : No LoadTimeWeaver setup: ignoring JPA class transformer
2025-03-05T12:12:09.136+02:00  INFO 11502 --- [event-management-backend] [main] com.zaxxer.hikari.HikariDataSource       : HikariPool-1 - Starting...
2025-03-05T12:12:09.318+02:00  INFO 11502 --- [event-management-backend] [main] com.zaxxer.hikari.pool.HikariPool        : HikariPool-1 - Added connection com.mysql.cj.jdbc.ConnectionImpl@1be3f8f8
2025-03-05T12:12:09.319+02:00  INFO 11502 --- [event-management-backend] [main] com.zaxxer.hikari.HikariDataSource       : HikariPool-1 - Start completed.
2025-03-05T12:12:09.370+02:00  INFO 11502 --- [event-management-backend] [main] org.hibernate.orm.connections.pooling    : HHH10001005: Database info:
	Database JDBC URL [Connecting through datasource 'HikariDataSource (HikariPool-1)']
	Database driver: undefined/unknown
	Database version: 8.0.41
	Autocommit mode: undefined/unknown
	Isolation level: undefined/unknown
	Minimum pool size: undefined/unknown
	Maximum pool size: undefined/unknown
2025-03-05T12:12:09.936+02:00  INFO 11502 --- [event-management-backend] [main] o.h.e.t.j.p.i.JtaPlatformInitiator       : HHH000489: No JTA platform available (set 'hibernate.transaction.jta.platform' to enable JTA platform integration)
2025-03-05T12:12:09.997+02:00  INFO 11502 --- [event-management-backend] [main] j.LocalContainerEntityManagerFactoryBean : Initialized JPA EntityManagerFactory for persistence unit 'default'
2025-03-05T12:12:10.290+02:00  INFO 11502 --- [event-management-backend] [main] eAuthenticationProviderManagerConfigurer : Global AuthenticationManager configured with AuthenticationProvider bean with name authProvider
2025-03-05T12:12:10.291+02:00  WARN 11502 --- [event-management-backend] [main] r$InitializeUserDetailsManagerConfigurer : Global AuthenticationManager configured with an AuthenticationProvider bean. UserDetailsService beans will not be used by Spring Security for automatically configuring username/password login. Consider removing the AuthenticationProvider bean. Alternatively, consider using the UserDetailsService in a manually instantiated DaoAuthenticationProvider. If the current configuration is intentional, to turn off this warning, increase the logging level of 'org.springframework.security.config.annotation.authentication.configuration.InitializeUserDetailsBeanManagerConfigurer' to ERROR
2025-03-05T12:12:10.571+02:00  WARN 11502 --- [event-management-backend] [main] thorizationManagerRequestMatcherRegistry : One of the patterns in [api/v1/auth/**] is missing a leading slash. This is discouraged; please include the leading slash in all your request matcher patterns. In future versions of Spring Security, leaving out the leading slash will result in an exception.
2025-03-05T12:12:10.574+02:00  WARN 11502 --- [event-management-backend] [main] thorizationManagerRequestMatcherRegistry : One of the patterns in [api/v1/events/**] is missing a leading slash. This is discouraged; please include the leading slash in all your request matcher patterns. In future versions of Spring Security, leaving out the leading slash will result in an exception.
2025-03-05T12:12:10.744+02:00  INFO 11502 --- [event-management-backend] [main] o.s.b.w.embedded.tomcat.TomcatWebServer  : Tomcat started on port 8080 (http) with context path '/'
2025-03-05T12:12:10.750+02:00  INFO 11502 --- [event-management-backend] [main] c.i.e.EventManagementBackendApplication  : Started EventManagementBackendApplication in 3.046 seconds (process running for 3.385)
2025-03-05T12:12:28.186+02:00  INFO 11502 --- [event-management-backend] [http-nio-8080-exec-1] o.a.c.c.C.[Tomcat].[localhost].[/]       : Initializing Spring DispatcherServlet 'dispatcherServlet'
2025-03-05T12:12:28.186+02:00  INFO 11502 --- [event-management-backend] [http-nio-8080-exec-1] o.s.web.servlet.DispatcherServlet        : Initializing Servlet 'dispatcherServlet'
2025-03-05T12:12:28.187+02:00  INFO 11502 --- [event-management-backend] [http-nio-8080-exec-1] o.s.web.servlet.DispatcherServlet        : Completed initialization in 1 ms
2025-03-05T13:33:33.185+02:00  INFO 11502 --- [event-management-backend] [SpringApplicationShutdownHook] o.s.b.w.e.tomcat.GracefulShutdown        : Commencing graceful shutdown. Waiting for active requests to complete
2025-03-05T13:33:33.187+02:00  INFO 11502 --- [event-management-backend] [tomcat-shutdown] o.s.b.w.e.tomcat.GracefulShutdown        : Graceful shutdown complete
2025-03-05T13:33:33.191+02:00  INFO 11502 --- [event-management-backend] [SpringApplicationShutdownHook] j.LocalContainerEntityManagerFactoryBean : Closing JPA EntityManagerFactory for persistence unit 'default'
2025-03-05T13:33:33.192+02:00  INFO 11502 --- [event-management-backend] [SpringApplicationShutdownHook] com.zaxxer.hikari.HikariDataSource       : HikariPool-1 - Shutdown initiated...
2025-03-05T13:33:33.195+02:00  INFO 11502 --- [event-management-backend] [SpringApplicationShutdownHook] com.zaxxer.hikari.HikariDataSource       : HikariPool-1 - Shutdown completed.
